{"C:\\Users\\bh\\formbuilder-microservice-1\\client\\src\\boot\\axios.js": {"path":"C:\\Users\\bh\\formbuilder-microservice-1\\client\\src\\boot\\axios.js","statementMap":{"0":{"start":{"line":4,"column":2},"end":{"line":4,"column":30}}},"fnMap":{"0":{"name":"(anonymous_0)","decl":{"start":{"line":3,"column":15},"end":{"line":3,"column":16}},"loc":{"start":{"line":3,"column":34},"end":{"line":5,"column":1}},"line":3}},"branchMap":{},"s":{"0":0},"f":{"0":0},"b":{},"hash":"92b3f0006fbd8e1643fd7076a175bc6ec05eefad"}
,"C:\\Users\\bh\\formbuilder-microservice-1\\client\\src\\boot\\i18n.js": {"path":"C:\\Users\\bh\\formbuilder-microservice-1\\client\\src\\boot\\i18n.js","statementMap":{"0":{"start":{"line":5,"column":2},"end":{"line":5,"column":18}},"1":{"start":{"line":8,"column":2},"end":{"line":12,"column":4}}},"fnMap":{"0":{"name":"(anonymous_0)","decl":{"start":{"line":4,"column":15},"end":{"line":4,"column":16}},"loc":{"start":{"line":4,"column":39},"end":{"line":13,"column":1}},"line":4}},"branchMap":{},"s":{"0":0,"1":0},"f":{"0":0},"b":{},"hash":"b91077d2468e831da36570ca091bbdb24b2b67cc"}
,"C:\\Users\\bh\\formbuilder-microservice-1\\client\\src\\components\\form_builder\\FormBuilder.vue": {"path":"C:\\Users\\bh\\formbuilder-microservice-1\\client\\src\\components\\form_builder\\FormBuilder.vue","statementMap":{"0":{"start":{"line":58,"column":0},"end":{"line":58,"column":null}},"1":{"start":{"line":59,"column":0},"end":{"line":59,"column":null}},"2":{"start":{"line":60,"column":0},"end":{"line":60,"column":null}},"3":{"start":{"line":61,"column":0},"end":{"line":61,"column":null}},"4":{"start":{"line":62,"column":0},"end":{"line":62,"column":null}},"5":{"start":{"line":73,"column":0},"end":{"line":73,"column":null}},"6":{"start":{"line":86,"column":0},"end":{"line":86,"column":null}},"7":{"start":{"line":87,"column":0},"end":{"line":87,"column":null}},"8":{"start":{"line":89,"column":0},"end":{"line":89,"column":null}},"9":{"start":{"line":92,"column":0},"end":{"line":92,"column":null}},"10":{"start":{"line":93,"column":0},"end":{"line":93,"column":null}},"11":{"start":{"line":94,"column":0},"end":{"line":94,"column":null}},"12":{"start":{"line":95,"column":0},"end":{"line":95,"column":null}},"13":{"start":{"line":96,"column":0},"end":{"line":96,"column":null}},"14":{"start":{"line":97,"column":0},"end":{"line":97,"column":null}},"15":{"start":{"line":98,"column":0},"end":{"line":98,"column":null}},"16":{"start":{"line":99,"column":0},"end":{"line":99,"column":null}},"17":{"start":{"line":101,"column":0},"end":{"line":101,"column":null}},"18":{"start":{"line":102,"column":0},"end":{"line":102,"column":null}},"19":{"start":{"line":104,"column":0},"end":{"line":104,"column":null}},"20":{"start":{"line":106,"column":0},"end":{"line":106,"column":null}},"21":{"start":{"line":108,"column":0},"end":{"line":108,"column":null}}},"fnMap":{"0":{"name":"data","decl":{"start":{"line":72,"column":0},"end":{"line":72,"column":null}},"loc":{"start":{"line":72,"column":0},"end":{"line":77,"column":null}}},"1":{"name":"addTemplate","decl":{"start":{"line":85,"column":0},"end":{"line":85,"column":null}},"loc":{"start":{"line":85,"column":0},"end":{"line":109,"column":null}}}},"branchMap":{},"s":{"0":0,"1":0,"2":0,"3":0,"4":0,"5":0,"6":0,"7":0,"8":0,"9":0,"10":0,"11":0,"12":0,"13":0,"14":0,"15":0,"16":0,"17":0,"18":0,"19":0,"20":0,"21":0},"f":{"0":0,"1":0},"b":{}}
,"C:\\Users\\bh\\formbuilder-microservice-1\\client\\src\\components\\form_builder\\crud_components\\GetTemplateComponent.vue": {"path":"C:\\Users\\bh\\formbuilder-microservice-1\\client\\src\\components\\form_builder\\crud_components\\GetTemplateComponent.vue","statementMap":{"0":{"start":{"line":102,"column":0},"end":{"line":102,"column":null}},"1":{"start":{"line":107,"column":0},"end":{"line":107,"column":null}},"2":{"start":{"line":121,"column":0},"end":{"line":121,"column":null}},"3":{"start":{"line":129,"column":0},"end":{"line":129,"column":null}},"4":{"start":{"line":130,"column":0},"end":{"line":130,"column":null}},"5":{"start":{"line":132,"column":0},"end":{"line":136,"column":null}},"6":{"start":{"line":134,"column":0},"end":{"line":134,"column":null}},"7":{"start":{"line":135,"column":0},"end":{"line":135,"column":null}}},"fnMap":{"0":{"name":"data","decl":{"start":{"line":106,"column":0},"end":{"line":106,"column":null}},"loc":{"start":{"line":106,"column":0},"end":{"line":119,"column":null}}},"1":{"name":"created","decl":{"start":{"line":120,"column":0},"end":{"line":120,"column":null}},"loc":{"start":{"line":120,"column":0},"end":{"line":122,"column":null}}},"2":{"name":"onRefresh","decl":{"start":{"line":129,"column":0},"end":{"line":129,"column":null}},"loc":{"start":{"line":129,"column":0},"end":{"line":137,"column":null}}},"3":{"name":"(anonymous_4)","decl":{"start":{"line":132,"column":0},"end":{"line":132,"column":null}},"loc":{"start":{"line":132,"column":0},"end":{"line":136,"column":null}}}},"branchMap":{},"s":{"0":0,"1":0,"2":0,"3":0,"4":0,"5":0,"6":0,"7":0},"f":{"0":0,"1":0,"2":0,"3":0},"b":{}}
,"C:\\Users\\bh\\formbuilder-microservice-1\\client\\src\\components\\form_builder\\helper_components\\DeleteAlert.vue": {"path":"C:\\Users\\bh\\formbuilder-microservice-1\\client\\src\\components\\form_builder\\helper_components\\DeleteAlert.vue","statementMap":{"0":{"start":{"line":36,"column":0},"end":{"line":36,"column":null}},"1":{"start":{"line":41,"column":0},"end":{"line":41,"column":null}},"2":{"start":{"line":49,"column":0},"end":{"line":49,"column":null}},"3":{"start":{"line":50,"column":0},"end":{"line":50,"column":null}},"4":{"start":{"line":51,"column":0},"end":{"line":51,"column":null}}},"fnMap":{"0":{"name":"data","decl":{"start":{"line":40,"column":0},"end":{"line":40,"column":null}},"loc":{"start":{"line":40,"column":0},"end":{"line":44,"column":null}}},"1":{"name":"removeItemAndClosePopup","decl":{"start":{"line":49,"column":0},"end":{"line":49,"column":null}},"loc":{"start":{"line":49,"column":0},"end":{"line":53,"column":null}}}},"branchMap":{},"s":{"0":0,"1":0,"2":0,"3":0,"4":0},"f":{"0":0,"1":0},"b":{}}
,"C:\\Users\\bh\\formbuilder-microservice-1\\client\\src\\components\\form_builder\\helper_components\\LockComponent.vue": {"path":"C:\\Users\\bh\\formbuilder-microservice-1\\client\\src\\components\\form_builder\\helper_components\\LockComponent.vue","statementMap":{"0":{"start":{"line":17,"column":0},"end":{"line":17,"column":null}},"1":{"start":{"line":22,"column":0},"end":{"line":22,"column":null}}},"fnMap":{"0":{"name":"data","decl":{"start":{"line":21,"column":0},"end":{"line":21,"column":null}},"loc":{"start":{"line":21,"column":0},"end":{"line":25,"column":null}}}},"branchMap":{},"s":{"0":0,"1":0},"f":{"0":0},"b":{}}
,"C:\\Users\\bh\\formbuilder-microservice-1\\client\\src\\components\\form_builder\\widgets\\InputFieldComponent.vue": {"path":"C:\\Users\\bh\\formbuilder-microservice-1\\client\\src\\components\\form_builder\\widgets\\InputFieldComponent.vue","statementMap":{"0":{"start":{"line":32,"column":0},"end":{"line":32,"column":null}},"1":{"start":{"line":33,"column":0},"end":{"line":33,"column":null}},"2":{"start":{"line":40,"column":0},"end":{"line":40,"column":null}},"3":{"start":{"line":50,"column":0},"end":{"line":50,"column":null}},"4":{"start":{"line":51,"column":0},"end":{"line":51,"column":null}}},"fnMap":{"0":{"name":"data","decl":{"start":{"line":39,"column":0},"end":{"line":39,"column":null}},"loc":{"start":{"line":39,"column":0},"end":{"line":44,"column":null}}},"1":{"name":"save","decl":{"start":{"line":49,"column":0},"end":{"line":49,"column":null}},"loc":{"start":{"line":49,"column":0},"end":{"line":52,"column":null}}}},"branchMap":{},"s":{"0":0,"1":0,"2":0,"3":0,"4":0},"f":{"0":0,"1":0},"b":{}}
,"C:\\Users\\bh\\formbuilder-microservice-1\\client\\src\\i18n\\index.js": {"path":"C:\\Users\\bh\\formbuilder-microservice-1\\client\\src\\i18n\\index.js","statementMap":{},"fnMap":{},"branchMap":{},"s":{},"f":{},"b":{},"hash":"09106c72f3a9edea6b8bf6605d1972f5c669ead2"}
,"C:\\Users\\bh\\formbuilder-microservice-1\\client\\src\\i18n\\en-us\\index.js": {"path":"C:\\Users\\bh\\formbuilder-microservice-1\\client\\src\\i18n\\en-us\\index.js","statementMap":{},"fnMap":{},"branchMap":{},"s":{},"f":{},"b":{},"hash":"bc426df8f7cc6aac2593aacd9f7e5bdc982134a6"}
,"C:\\Users\\bh\\formbuilder-microservice-1\\client\\src\\layouts\\ConfigurationLayout.vue": {"path":"C:\\Users\\bh\\formbuilder-microservice-1\\client\\src\\layouts\\ConfigurationLayout.vue","statementMap":{"0":{"start":{"line":17,"column":0},"end":{"line":17,"column":null}},"1":{"start":{"line":24,"column":0},"end":{"line":24,"column":null}}},"fnMap":{"0":{"name":"data","decl":{"start":{"line":23,"column":0},"end":{"line":23,"column":null}},"loc":{"start":{"line":23,"column":0},"end":{"line":27,"column":null}}}},"branchMap":{},"s":{"0":0,"1":0},"f":{"0":0},"b":{}}
,"C:\\Users\\bh\\formbuilder-microservice-1\\client\\src\\layouts\\DefaultLayout.vue": {"path":"C:\\Users\\bh\\formbuilder-microservice-1\\client\\src\\layouts\\DefaultLayout.vue","statementMap":{"0":{"start":{"line":15,"column":0},"end":{"line":15,"column":null}},"1":{"start":{"line":22,"column":0},"end":{"line":22,"column":null}}},"fnMap":{"0":{"name":"data","decl":{"start":{"line":21,"column":0},"end":{"line":21,"column":null}},"loc":{"start":{"line":21,"column":0},"end":{"line":25,"column":null}}}},"branchMap":{},"s":{"0":0,"1":0},"f":{"0":0},"b":{}}
,"C:\\Users\\bh\\formbuilder-microservice-1\\client\\src\\pages\\configuration\\LogTemplate.vue": {"path":"C:\\Users\\bh\\formbuilder-microservice-1\\client\\src\\pages\\configuration\\LogTemplate.vue","statementMap":{"0":{"start":{"line":12,"column":0},"end":{"line":12,"column":null}},"1":{"start":{"line":13,"column":0},"end":{"line":13,"column":null}}},"fnMap":{},"branchMap":{},"s":{"0":0,"1":0},"f":{},"b":{}}
,"C:\\Users\\bh\\formbuilder-microservice-1\\client\\src\\router\\index.js": {"path":"C:\\Users\\bh\\formbuilder-microservice-1\\client\\src\\router\\index.js","statementMap":{"0":{"start":{"line":6,"column":0},"end":{"line":6,"column":18}},"1":{"start":{"line":14,"column":17},"end":{"line":23,"column":4}},"2":{"start":{"line":15,"column":27},"end":{"line":15,"column":41}},"3":{"start":{"line":25,"column":2},"end":{"line":25,"column":15}}},"fnMap":{"0":{"name":"(anonymous_0)","decl":{"start":{"line":13,"column":15},"end":{"line":13,"column":16}},"loc":{"start":{"line":13,"column":54},"end":{"line":26,"column":1}},"line":13},"1":{"name":"(anonymous_1)","decl":{"start":{"line":15,"column":20},"end":{"line":15,"column":21}},"loc":{"start":{"line":15,"column":27},"end":{"line":15,"column":41}},"line":15}},"branchMap":{},"s":{"0":0,"1":0,"2":0,"3":0},"f":{"0":0,"1":0},"b":{},"hash":"8f5a54d19fb08cc9c840b4b3ac8d6ab1817e87b9"}
,"C:\\Users\\bh\\formbuilder-microservice-1\\client\\src\\router\\routes.js": {"path":"C:\\Users\\bh\\formbuilder-microservice-1\\client\\src\\router\\routes.js","statementMap":{"0":{"start":{"line":2,"column":15},"end":{"line":21,"column":1}},"1":{"start":{"line":5,"column":21},"end":{"line":5,"column":56}},"2":{"start":{"line":7,"column":35},"end":{"line":7,"column":60}},"3":{"start":{"line":8,"column":49},"end":{"line":8,"column":86}},"4":{"start":{"line":13,"column":21},"end":{"line":13,"column":62}},"5":{"start":{"line":15,"column":60},"end":{"line":15,"column":105}},"6":{"start":{"line":16,"column":66},"end":{"line":16,"column":118}},"7":{"start":{"line":17,"column":66},"end":{"line":17,"column":118}},"8":{"start":{"line":18,"column":60},"end":{"line":18,"column":105}},"9":{"start":{"line":24,"column":0},"end":{"line":29,"column":1}},"10":{"start":{"line":25,"column":2},"end":{"line":28,"column":4}},"11":{"start":{"line":27,"column":21},"end":{"line":27,"column":49}}},"fnMap":{"0":{"name":"(anonymous_0)","decl":{"start":{"line":5,"column":15},"end":{"line":5,"column":16}},"loc":{"start":{"line":5,"column":21},"end":{"line":5,"column":56}},"line":5},"1":{"name":"(anonymous_1)","decl":{"start":{"line":7,"column":29},"end":{"line":7,"column":30}},"loc":{"start":{"line":7,"column":35},"end":{"line":7,"column":60}},"line":7},"2":{"name":"(anonymous_2)","decl":{"start":{"line":8,"column":43},"end":{"line":8,"column":44}},"loc":{"start":{"line":8,"column":49},"end":{"line":8,"column":86}},"line":8},"3":{"name":"(anonymous_3)","decl":{"start":{"line":13,"column":15},"end":{"line":13,"column":16}},"loc":{"start":{"line":13,"column":21},"end":{"line":13,"column":62}},"line":13},"4":{"name":"(anonymous_4)","decl":{"start":{"line":15,"column":54},"end":{"line":15,"column":55}},"loc":{"start":{"line":15,"column":60},"end":{"line":15,"column":105}},"line":15},"5":{"name":"(anonymous_5)","decl":{"start":{"line":16,"column":60},"end":{"line":16,"column":61}},"loc":{"start":{"line":16,"column":66},"end":{"line":16,"column":118}},"line":16},"6":{"name":"(anonymous_6)","decl":{"start":{"line":17,"column":60},"end":{"line":17,"column":61}},"loc":{"start":{"line":17,"column":66},"end":{"line":17,"column":118}},"line":17},"7":{"name":"(anonymous_7)","decl":{"start":{"line":18,"column":54},"end":{"line":18,"column":55}},"loc":{"start":{"line":18,"column":60},"end":{"line":18,"column":105}},"line":18},"8":{"name":"(anonymous_8)","decl":{"start":{"line":27,"column":15},"end":{"line":27,"column":16}},"loc":{"start":{"line":27,"column":21},"end":{"line":27,"column":49}},"line":27}},"branchMap":{"0":{"loc":{"start":{"line":24,"column":0},"end":{"line":29,"column":1}},"type":"if","locations":[{"start":{"line":24,"column":0},"end":{"line":29,"column":1}},{"start":{"line":24,"column":0},"end":{"line":29,"column":1}}],"line":24}},"s":{"0":0,"1":0,"2":0,"3":0,"4":0,"5":0,"6":0,"7":0,"8":0,"9":0,"10":0,"11":0},"f":{"0":0,"1":0,"2":0,"3":0,"4":0,"5":0,"6":0,"7":0,"8":0},"b":{"0":[0,0]},"hash":"8e22a7096f591eb69d4ca0cf94a921e49cb67a54"}
,"C:\\Users\\bh\\formbuilder-microservice-1\\client\\src\\store\\index.js": {"path":"C:\\Users\\bh\\formbuilder-microservice-1\\client\\src\\store\\index.js","statementMap":{"0":{"start":{"line":8,"column":0},"end":{"line":8,"column":13}},"1":{"start":{"line":16,"column":16},"end":{"line":21,"column":4}},"2":{"start":{"line":23,"column":2},"end":{"line":23,"column":14}}},"fnMap":{"0":{"name":"(anonymous_0)","decl":{"start":{"line":15,"column":15},"end":{"line":15,"column":16}},"loc":{"start":{"line":15,"column":47},"end":{"line":24,"column":1}},"line":15}},"branchMap":{},"s":{"0":0,"1":0,"2":0},"f":{"0":0},"b":{},"hash":"af04d57371bfda1de7c3c689115a459f150a234e"}
,"C:\\Users\\bh\\formbuilder-microservice-1\\client\\src\\store\\layouts\\actions.js": {"path":"C:\\Users\\bh\\formbuilder-microservice-1\\client\\src\\store\\layouts\\actions.js","statementMap":{"0":{"start":{"line":3,"column":16},"end":{"line":3,"column":22}},"1":{"start":{"line":8,"column":14},"end":{"line":8,"column":16}},"2":{"start":{"line":11,"column":32},"end":{"line":15,"column":1}},"3":{"start":{"line":12,"column":2},"end":{"line":12,"column":49}},"4":{"start":{"line":14,"column":2},"end":{"line":14,"column":41}},"5":{"start":{"line":18,"column":35},"end":{"line":54,"column":1}},"6":{"start":{"line":19,"column":25},"end":{"line":29,"column":3}},"7":{"start":{"line":32,"column":21},"end":{"line":32,"column":43}},"8":{"start":{"line":33,"column":16},"end":{"line":33,"column":20}},"9":{"start":{"line":34,"column":23},"end":{"line":34,"column":27}},"10":{"start":{"line":36,"column":2},"end":{"line":45,"column":3}},"11":{"start":{"line":37,"column":4},"end":{"line":44,"column":5}},"12":{"start":{"line":38,"column":28},"end":{"line":38,"column":50}},"13":{"start":{"line":39,"column":6},"end":{"line":39,"column":36}},"14":{"start":{"line":41,"column":6},"end":{"line":41,"column":32}},"15":{"start":{"line":42,"column":6},"end":{"line":42,"column":35}},"16":{"start":{"line":43,"column":6},"end":{"line":43,"column":21}},"17":{"start":{"line":47,"column":2},"end":{"line":47,"column":37}},"18":{"start":{"line":53,"column":2},"end":{"line":53,"column":44}},"19":{"start":{"line":57,"column":26},"end":{"line":59,"column":1}},"20":{"start":{"line":58,"column":2},"end":{"line":58,"column":31}},"21":{"start":{"line":62,"column":30},"end":{"line":64,"column":1}},"22":{"start":{"line":63,"column":2},"end":{"line":63,"column":41}},"23":{"start":{"line":67,"column":37},"end":{"line":69,"column":1}},"24":{"start":{"line":68,"column":2},"end":{"line":68,"column":40}},"25":{"start":{"line":74,"column":2},"end":{"line":79,"column":3}},"26":{"start":{"line":75,"column":21},"end":{"line":75,"column":57}},"27":{"start":{"line":76,"column":4},"end":{"line":76,"column":47}},"28":{"start":{"line":78,"column":4},"end":{"line":78,"column":20}},"29":{"start":{"line":85,"column":24},"end":{"line":85,"column":46}},"30":{"start":{"line":87,"column":2},"end":{"line":87,"column":36}},"31":{"start":{"line":88,"column":2},"end":{"line":88,"column":58}},"32":{"start":{"line":89,"column":2},"end":{"line":89,"column":72}},"33":{"start":{"line":91,"column":2},"end":{"line":96,"column":3}},"34":{"start":{"line":92,"column":4},"end":{"line":92,"column":69}},"35":{"start":{"line":93,"column":4},"end":{"line":93,"column":32}},"36":{"start":{"line":95,"column":4},"end":{"line":95,"column":20}},"37":{"start":{"line":101,"column":2},"end":{"line":106,"column":3}},"38":{"start":{"line":102,"column":4},"end":{"line":102,"column":157}},"39":{"start":{"line":103,"column":4},"end":{"line":103,"column":44}},"40":{"start":{"line":105,"column":4},"end":{"line":105,"column":20}},"41":{"start":{"line":111,"column":2},"end":{"line":116,"column":3}},"42":{"start":{"line":112,"column":4},"end":{"line":112,"column":42}},"43":{"start":{"line":113,"column":4},"end":{"line":113,"column":32}},"44":{"start":{"line":115,"column":4},"end":{"line":115,"column":20}},"45":{"start":{"line":121,"column":24},"end":{"line":121,"column":72}},"46":{"start":{"line":122,"column":2},"end":{"line":122,"column":24}},"47":{"start":{"line":127,"column":27},"end":{"line":127,"column":51}},"48":{"start":{"line":128,"column":2},"end":{"line":128,"column":27}}},"fnMap":{"0":{"name":"(anonymous_0)","decl":{"start":{"line":11,"column":32},"end":{"line":11,"column":33}},"loc":{"start":{"line":11,"column":48},"end":{"line":15,"column":1}},"line":11},"1":{"name":"(anonymous_1)","decl":{"start":{"line":18,"column":35},"end":{"line":18,"column":36}},"loc":{"start":{"line":18,"column":58},"end":{"line":54,"column":1}},"line":18},"2":{"name":"(anonymous_2)","decl":{"start":{"line":57,"column":26},"end":{"line":57,"column":27}},"loc":{"start":{"line":57,"column":51},"end":{"line":59,"column":1}},"line":57},"3":{"name":"(anonymous_3)","decl":{"start":{"line":62,"column":30},"end":{"line":62,"column":31}},"loc":{"start":{"line":62,"column":55},"end":{"line":64,"column":1}},"line":62},"4":{"name":"(anonymous_4)","decl":{"start":{"line":67,"column":37},"end":{"line":67,"column":38}},"loc":{"start":{"line":67,"column":62},"end":{"line":69,"column":1}},"line":67},"5":{"name":"fetchFormsFromDb","decl":{"start":{"line":72,"column":22},"end":{"line":72,"column":38}},"loc":{"start":{"line":72,"column":52},"end":{"line":81,"column":1}},"line":72},"6":{"name":"updateRow","decl":{"start":{"line":84,"column":22},"end":{"line":84,"column":31}},"loc":{"start":{"line":84,"column":50},"end":{"line":97,"column":1}},"line":84},"7":{"name":"postTemplate","decl":{"start":{"line":100,"column":22},"end":{"line":100,"column":34}},"loc":{"start":{"line":100,"column":58},"end":{"line":107,"column":1}},"line":100},"8":{"name":"deleteRow","decl":{"start":{"line":110,"column":22},"end":{"line":110,"column":31}},"loc":{"start":{"line":110,"column":49},"end":{"line":117,"column":1}},"line":110},"9":{"name":"generateRandomNumber","decl":{"start":{"line":120,"column":9},"end":{"line":120,"column":29}},"loc":{"start":{"line":120,"column":33},"end":{"line":123,"column":1}},"line":120},"10":{"name":"getInitialTableFetch","decl":{"start":{"line":126,"column":9},"end":{"line":126,"column":29}},"loc":{"start":{"line":126,"column":33},"end":{"line":129,"column":1}},"line":126}},"branchMap":{"0":{"loc":{"start":{"line":37,"column":4},"end":{"line":44,"column":5}},"type":"if","locations":[{"start":{"line":37,"column":4},"end":{"line":44,"column":5}},{"start":{"line":37,"column":4},"end":{"line":44,"column":5}}],"line":37}},"s":{"0":0,"1":0,"2":0,"3":0,"4":0,"5":0,"6":0,"7":0,"8":0,"9":0,"10":0,"11":0,"12":0,"13":0,"14":0,"15":0,"16":0,"17":0,"18":0,"19":0,"20":0,"21":0,"22":0,"23":0,"24":0,"25":0,"26":0,"27":0,"28":0,"29":0,"30":0,"31":0,"32":0,"33":0,"34":0,"35":0,"36":0,"37":0,"38":0,"39":0,"40":0,"41":0,"42":0,"43":0,"44":0,"45":0,"46":0,"47":0,"48":0},"f":{"0":0,"1":0,"2":0,"3":0,"4":0,"5":0,"6":0,"7":0,"8":0,"9":0,"10":0},"b":{"0":[0,0]},"hash":"7d4fb5debcb3abfcd8fb727766237cfecb5e1d5b"}
,"C:\\Users\\bh\\formbuilder-microservice-1\\client\\src\\store\\layouts\\getters.js": {"path":"C:\\Users\\bh\\formbuilder-microservice-1\\client\\src\\store\\layouts\\getters.js","statementMap":{"0":{"start":{"line":2,"column":29},"end":{"line":4,"column":1}},"1":{"start":{"line":3,"column":2},"end":{"line":3,"column":25}},"2":{"start":{"line":7,"column":28},"end":{"line":9,"column":1}},"3":{"start":{"line":8,"column":2},"end":{"line":8,"column":24}},"4":{"start":{"line":12,"column":37},"end":{"line":15,"column":1}},"5":{"start":{"line":13,"column":2},"end":{"line":13,"column":53}},"6":{"start":{"line":14,"column":2},"end":{"line":14,"column":33}}},"fnMap":{"0":{"name":"(anonymous_0)","decl":{"start":{"line":2,"column":29},"end":{"line":2,"column":30}},"loc":{"start":{"line":2,"column":40},"end":{"line":4,"column":1}},"line":2},"1":{"name":"(anonymous_1)","decl":{"start":{"line":7,"column":28},"end":{"line":7,"column":29}},"loc":{"start":{"line":7,"column":39},"end":{"line":9,"column":1}},"line":7},"2":{"name":"(anonymous_2)","decl":{"start":{"line":12,"column":37},"end":{"line":12,"column":38}},"loc":{"start":{"line":12,"column":48},"end":{"line":15,"column":1}},"line":12}},"branchMap":{},"s":{"0":1,"1":1,"2":1,"3":1,"4":1,"5":0,"6":0},"f":{"0":1,"1":1,"2":0},"b":{},"_coverageSchema":"43e27e138ebf9cfc5966b082cf9a028302ed4184","hash":"679998079a72c5ecd816ed47f0dc7ffd303871f8"}
,"C:\\Users\\bh\\formbuilder-microservice-1\\client\\src\\store\\layouts\\index.js": {"path":"C:\\Users\\bh\\formbuilder-microservice-1\\client\\src\\store\\layouts\\index.js","statementMap":{},"fnMap":{},"branchMap":{},"s":{},"f":{},"b":{},"hash":"a54769a16544dad6c23fec30e769ad6fcf100d51"}
,"C:\\Users\\bh\\formbuilder-microservice-1\\client\\src\\store\\layouts\\mutations.js": {"path":"C:\\Users\\bh\\formbuilder-microservice-1\\client\\src\\store\\layouts\\mutations.js","statementMap":{"0":{"start":{"line":2,"column":26},"end":{"line":4,"column":1}},"1":{"start":{"line":3,"column":2},"end":{"line":3,"column":38}},"2":{"start":{"line":7,"column":30},"end":{"line":9,"column":1}},"3":{"start":{"line":8,"column":2},"end":{"line":8,"column":41}},"4":{"start":{"line":12,"column":34},"end":{"line":28,"column":1}},"5":{"start":{"line":13,"column":18},"end":{"line":13,"column":21}},"6":{"start":{"line":14,"column":2},"end":{"line":25,"column":3}},"7":{"start":{"line":15,"column":21},"end":{"line":15,"column":24}},"8":{"start":{"line":16,"column":4},"end":{"line":16,"column":37}},"9":{"start":{"line":17,"column":4},"end":{"line":17,"column":29}},"10":{"start":{"line":18,"column":4},"end":{"line":18,"column":33}},"11":{"start":{"line":19,"column":4},"end":{"line":19,"column":37}},"12":{"start":{"line":20,"column":4},"end":{"line":20,"column":73}},"13":{"start":{"line":21,"column":4},"end":{"line":21,"column":59}},"14":{"start":{"line":22,"column":4},"end":{"line":22,"column":33}},"15":{"start":{"line":24,"column":4},"end":{"line":24,"column":28}},"16":{"start":{"line":26,"column":2},"end":{"line":26,"column":29}},"17":{"start":{"line":27,"column":2},"end":{"line":27,"column":36}},"18":{"start":{"line":31,"column":36},"end":{"line":42,"column":1}},"19":{"start":{"line":32,"column":2},"end":{"line":32,"column":19}},"20":{"start":{"line":33,"column":2},"end":{"line":33,"column":23}},"21":{"start":{"line":34,"column":11},"end":{"line":34,"column":37}},"22":{"start":{"line":35,"column":18},"end":{"line":35,"column":21}},"23":{"start":{"line":36,"column":2},"end":{"line":36,"column":68}},"24":{"start":{"line":37,"column":2},"end":{"line":37,"column":54}},"25":{"start":{"line":38,"column":2},"end":{"line":38,"column":19}},"26":{"start":{"line":39,"column":2},"end":{"line":39,"column":31}},"27":{"start":{"line":40,"column":2},"end":{"line":40,"column":32}},"28":{"start":{"line":41,"column":2},"end":{"line":41,"column":33}},"29":{"start":{"line":45,"column":29},"end":{"line":52,"column":1}},"30":{"start":{"line":46,"column":20},"end":{"line":46,"column":74}},"31":{"start":{"line":46,"column":52},"end":{"line":46,"column":73}},"32":{"start":{"line":47,"column":2},"end":{"line":51,"column":3}},"33":{"start":{"line":48,"column":4},"end":{"line":48,"column":36}},"34":{"start":{"line":49,"column":4},"end":{"line":49,"column":44}},"35":{"start":{"line":50,"column":4},"end":{"line":50,"column":51}},"36":{"start":{"line":55,"column":30},"end":{"line":60,"column":1}},"37":{"start":{"line":56,"column":18},"end":{"line":56,"column":64}},"38":{"start":{"line":56,"column":50},"end":{"line":56,"column":63}},"39":{"start":{"line":57,"column":2},"end":{"line":59,"column":3}},"40":{"start":{"line":58,"column":4},"end":{"line":58,"column":68}},"41":{"start":{"line":63,"column":26},"end":{"line":100,"column":1}},"42":{"start":{"line":80,"column":2},"end":{"line":84,"column":3}},"43":{"start":{"line":81,"column":4},"end":{"line":83,"column":5}},"44":{"start":{"line":82,"column":6},"end":{"line":82,"column":53}},"45":{"start":{"line":103,"column":36},"end":{"line":105,"column":1}},"46":{"start":{"line":104,"column":2},"end":{"line":104,"column":52}},"47":{"start":{"line":108,"column":35},"end":{"line":114,"column":1}},"48":{"start":{"line":109,"column":2},"end":{"line":113,"column":3}},"49":{"start":{"line":110,"column":4},"end":{"line":112,"column":5}},"50":{"start":{"line":111,"column":6},"end":{"line":111,"column":46}}},"fnMap":{"0":{"name":"(anonymous_0)","decl":{"start":{"line":2,"column":26},"end":{"line":2,"column":27}},"loc":{"start":{"line":2,"column":56},"end":{"line":4,"column":1}},"line":2},"1":{"name":"(anonymous_1)","decl":{"start":{"line":7,"column":30},"end":{"line":7,"column":31}},"loc":{"start":{"line":7,"column":59},"end":{"line":9,"column":1}},"line":7},"2":{"name":"(anonymous_2)","decl":{"start":{"line":12,"column":34},"end":{"line":12,"column":35}},"loc":{"start":{"line":12,"column":54},"end":{"line":28,"column":1}},"line":12},"3":{"name":"(anonymous_3)","decl":{"start":{"line":31,"column":36},"end":{"line":31,"column":37}},"loc":{"start":{"line":31,"column":57},"end":{"line":42,"column":1}},"line":31},"4":{"name":"(anonymous_4)","decl":{"start":{"line":45,"column":29},"end":{"line":45,"column":30}},"loc":{"start":{"line":45,"column":49},"end":{"line":52,"column":1}},"line":45},"5":{"name":"(anonymous_5)","decl":{"start":{"line":46,"column":43},"end":{"line":46,"column":44}},"loc":{"start":{"line":46,"column":52},"end":{"line":46,"column":73}},"line":46},"6":{"name":"(anonymous_6)","decl":{"start":{"line":55,"column":30},"end":{"line":55,"column":31}},"loc":{"start":{"line":55,"column":45},"end":{"line":60,"column":1}},"line":55},"7":{"name":"(anonymous_7)","decl":{"start":{"line":56,"column":41},"end":{"line":56,"column":42}},"loc":{"start":{"line":56,"column":50},"end":{"line":56,"column":63}},"line":56},"8":{"name":"(anonymous_8)","decl":{"start":{"line":63,"column":26},"end":{"line":63,"column":27}},"loc":{"start":{"line":63,"column":46},"end":{"line":100,"column":1}},"line":63},"9":{"name":"(anonymous_9)","decl":{"start":{"line":103,"column":36},"end":{"line":103,"column":37}},"loc":{"start":{"line":103,"column":56},"end":{"line":105,"column":1}},"line":103},"10":{"name":"(anonymous_10)","decl":{"start":{"line":108,"column":35},"end":{"line":108,"column":36}},"loc":{"start":{"line":108,"column":55},"end":{"line":114,"column":1}},"line":108}},"branchMap":{"0":{"loc":{"start":{"line":47,"column":2},"end":{"line":51,"column":3}},"type":"if","locations":[{"start":{"line":47,"column":2},"end":{"line":51,"column":3}},{"start":{"line":47,"column":2},"end":{"line":51,"column":3}}],"line":47},"1":{"loc":{"start":{"line":57,"column":2},"end":{"line":59,"column":3}},"type":"if","locations":[{"start":{"line":57,"column":2},"end":{"line":59,"column":3}},{"start":{"line":57,"column":2},"end":{"line":59,"column":3}}],"line":57},"2":{"loc":{"start":{"line":81,"column":4},"end":{"line":83,"column":5}},"type":"if","locations":[{"start":{"line":81,"column":4},"end":{"line":83,"column":5}},{"start":{"line":81,"column":4},"end":{"line":83,"column":5}}],"line":81},"3":{"loc":{"start":{"line":110,"column":4},"end":{"line":112,"column":5}},"type":"if","locations":[{"start":{"line":110,"column":4},"end":{"line":112,"column":5}},{"start":{"line":110,"column":4},"end":{"line":112,"column":5}}],"line":110}},"s":{"0":1,"1":0,"2":1,"3":1,"4":1,"5":0,"6":0,"7":0,"8":0,"9":0,"10":0,"11":0,"12":0,"13":0,"14":0,"15":0,"16":0,"17":0,"18":1,"19":1,"20":1,"21":1,"22":1,"23":1,"24":1,"25":1,"26":1,"27":1,"28":1,"29":1,"30":1,"31":1,"32":1,"33":1,"34":1,"35":1,"36":1,"37":1,"38":2,"39":1,"40":1,"41":1,"42":0,"43":0,"44":0,"45":1,"46":0,"47":1,"48":0,"49":0,"50":0},"f":{"0":0,"1":1,"2":0,"3":1,"4":1,"5":1,"6":1,"7":2,"8":0,"9":0,"10":0},"b":{"0":[1,0],"1":[1,0],"2":[0,0],"3":[0,0]},"_coverageSchema":"43e27e138ebf9cfc5966b082cf9a028302ed4184","hash":"b2b847bfc47ed5194f6f9c30d1b0a1870a885797"}
,"C:\\Users\\bh\\formbuilder-microservice-1\\client\\src\\store\\layouts\\state.js": {"path":"C:\\Users\\bh\\formbuilder-microservice-1\\client\\src\\store\\layouts\\state.js","statementMap":{},"fnMap":{},"branchMap":{},"s":{},"f":{},"b":{},"hash":"9130dd5b92650b4054cfb2619db13197df44f5f6"}
}
