TN:
SF:C:\Users\bh\nextgen\src-pwa\custom-service-worker.js
FNF:0
FNH:0
LF:0
LH:0
BRF:0
BRH:0
end_of_record
TN:
SF:C:\Users\bh\nextgen\src-pwa\register-service-worker.js
FN:9,(anonymous_0)
FN:12,(anonymous_1)
FN:15,(anonymous_2)
FN:18,(anonymous_3)
FN:21,(anonymous_4)
FN:24,(anonymous_5)
FN:27,(anonymous_6)
FNF:7
FNH:0
FNDA:0,(anonymous_0)
FNDA:0,(anonymous_1)
FNDA:0,(anonymous_2)
FNDA:0,(anonymous_3)
FNDA:0,(anonymous_4)
FNDA:0,(anonymous_5)
FNDA:0,(anonymous_6)
DA:8,0
DA:10,0
DA:13,0
DA:16,0
DA:19,0
DA:22,0
DA:25,0
DA:28,0
LF:8
LH:0
BRF:0
BRH:0
end_of_record
TN:
SF:C:\Users\bh\nextgen\src\boot\axios.js
FN:3,(anonymous_0)
FNF:1
FNH:0
FNDA:0,(anonymous_0)
DA:4,0
LF:1
LH:0
BRF:0
BRH:0
end_of_record
TN:
SF:C:\Users\bh\nextgen\src\boot\i18n.js
FN:4,(anonymous_0)
FNF:1
FNH:0
FNDA:0,(anonymous_0)
DA:5,0
DA:8,0
LF:2
LH:0
BRF:0
BRH:0
end_of_record
TN:
SF:C:\Users\bh\nextgen\src\components\form_builder\FormBuilder.vue
FN:41,data
FNF:1
FNH:0
FNDA:0,data
DA:38,0
DA:42,0
LF:2
LH:0
BRF:0
BRH:0
end_of_record
TN:
SF:C:\Users\bh\nextgen\src\i18n\index.js
FNF:0
FNH:0
LF:0
LH:0
BRF:0
BRH:0
end_of_record
TN:
SF:C:\Users\bh\nextgen\src\i18n\en-us\index.js
FNF:0
FNH:0
LF:0
LH:0
BRF:0
BRH:0
end_of_record
TN:
SF:C:\Users\bh\nextgen\src\layouts\ConfigurationLayout.vue
FN:23,data
FNF:1
FNH:0
FNDA:0,data
DA:17,0
DA:24,0
LF:2
LH:0
BRF:0
BRH:0
end_of_record
TN:
SF:C:\Users\bh\nextgen\src\layouts\DefaultLayout.vue
FN:21,data
FNF:1
FNH:0
FNDA:0,data
DA:15,0
DA:22,0
LF:2
LH:0
BRF:0
BRH:0
end_of_record
TN:
SF:C:\Users\bh\nextgen\src\pages\configuration\LogTemplate.vue
FNF:0
FNH:0
DA:12,0
LF:1
LH:0
BRF:0
BRH:0
end_of_record
TN:
SF:C:\Users\bh\nextgen\src\router\index.js
FN:13,(anonymous_0)
FN:15,(anonymous_1)
FNF:2
FNH:0
FNDA:0,(anonymous_0)
FNDA:0,(anonymous_1)
DA:6,0
DA:14,0
DA:15,0
DA:25,0
LF:4
LH:0
BRF:0
BRH:0
end_of_record
TN:
SF:C:\Users\bh\nextgen\src\router\routes.js
FN:5,(anonymous_0)
FN:7,(anonymous_1)
FN:8,(anonymous_2)
FN:13,(anonymous_3)
FN:15,(anonymous_4)
FN:16,(anonymous_5)
FN:17,(anonymous_6)
FN:18,(anonymous_7)
FN:36,(anonymous_8)
FNF:9
FNH:0
FNDA:0,(anonymous_0)
FNDA:0,(anonymous_1)
FNDA:0,(anonymous_2)
FNDA:0,(anonymous_3)
FNDA:0,(anonymous_4)
FNDA:0,(anonymous_5)
FNDA:0,(anonymous_6)
FNDA:0,(anonymous_7)
FNDA:0,(anonymous_8)
DA:2,0
DA:5,0
DA:7,0
DA:8,0
DA:13,0
DA:15,0
DA:16,0
DA:17,0
DA:18,0
DA:33,0
DA:34,0
DA:36,0
LF:12
LH:0
BRDA:33,0,0,0
BRDA:33,0,1,0
BRF:2
BRH:0
end_of_record
TN:
SF:C:\Users\bh\nextgen\src\store\index.js
FN:13,(anonymous_0)
FNF:1
FNH:0
FNDA:0,(anonymous_0)
DA:6,0
DA:14,0
DA:20,0
LF:3
LH:0
BRF:0
BRH:0
end_of_record
TN:
SF:C:\Users\bh\nextgen\src\store\module-example\actions.js
FN:1,someAction
FNF:1
FNH:0
FNDA:0,someAction
LF:0
LH:0
BRF:0
BRH:0
end_of_record
TN:
SF:C:\Users\bh\nextgen\src\store\module-example\getters.js
FN:1,someGetter
FNF:1
FNH:0
FNDA:0,someGetter
LF:0
LH:0
BRF:0
BRH:0
end_of_record
TN:
SF:C:\Users\bh\nextgen\src\store\module-example\index.js
FNF:0
FNH:0
LF:0
LH:0
BRF:0
BRH:0
end_of_record
TN:
SF:C:\Users\bh\nextgen\src\store\module-example\mutations.js
FN:1,someMutation
FNF:1
FNH:0
FNDA:0,someMutation
LF:0
LH:0
BRF:0
BRH:0
end_of_record
TN:
SF:C:\Users\bh\nextgen\src\store\module-example\state.js
FNF:0
FNH:0
LF:0
LH:0
BRF:0
BRH:0
end_of_record
