TN:
SF:C:\Users\bh\realise\formbuilder-microservice-1\client\src\boot\axios.js
FN:3,(anonymous_0)
FNF:1
FNH:0
FNDA:0,(anonymous_0)
DA:4,0
LF:1
LH:0
BRF:0
BRH:0
end_of_record
TN:
SF:C:\Users\bh\realise\formbuilder-microservice-1\client\src\boot\i18n.js
FN:4,(anonymous_0)
FNF:1
FNH:0
FNDA:0,(anonymous_0)
DA:5,0
DA:8,0
LF:2
LH:0
BRF:0
BRH:0
end_of_record
TN:
SF:C:\Users\bh\realise\formbuilder-microservice-1\client\src\components\form_builder\FormBuilder.vue
FN:72,data
FN:85,addTemplate
FNF:2
FNH:0
FNDA:0,data
FNDA:0,addTemplate
DA:58,0
DA:59,0
DA:60,0
DA:61,0
DA:62,0
DA:73,0
DA:86,0
DA:87,0
DA:89,0
DA:92,0
DA:93,0
DA:94,0
DA:95,0
DA:96,0
DA:97,0
DA:98,0
DA:99,0
DA:101,0
DA:102,0
DA:104,0
DA:106,0
DA:108,0
LF:22
LH:0
BRF:0
BRH:0
end_of_record
TN:
SF:C:\Users\bh\realise\formbuilder-microservice-1\client\src\components\form_builder\crud_components\GetTemplateComponent.vue
FN:106,data
FN:120,created
FN:129,onRefresh
FN:132,(anonymous_4)
FNF:4
FNH:0
FNDA:0,data
FNDA:0,created
FNDA:0,onRefresh
FNDA:0,(anonymous_4)
DA:102,0
DA:107,0
DA:121,0
DA:129,0
DA:130,0
DA:132,0
DA:134,0
DA:135,0
LF:8
LH:0
BRF:0
BRH:0
end_of_record
TN:
SF:C:\Users\bh\realise\formbuilder-microservice-1\client\src\components\form_builder\helper_components\DeleteAlert.vue
FN:40,data
FN:49,removeItemAndClosePopup
FNF:2
FNH:0
FNDA:0,data
FNDA:0,removeItemAndClosePopup
DA:36,0
DA:41,0
DA:49,0
DA:50,0
DA:51,0
LF:5
LH:0
BRF:0
BRH:0
end_of_record
TN:
SF:C:\Users\bh\realise\formbuilder-microservice-1\client\src\components\form_builder\helper_components\LockComponent.vue
FN:21,data
FNF:1
FNH:0
FNDA:0,data
DA:17,0
DA:22,0
LF:2
LH:0
BRF:0
BRH:0
end_of_record
TN:
SF:C:\Users\bh\realise\formbuilder-microservice-1\client\src\components\form_builder\widgets\InputFieldComponent.vue
FN:39,data
FN:49,save
FNF:2
FNH:0
FNDA:0,data
FNDA:0,save
DA:32,0
DA:33,0
DA:40,0
DA:50,0
DA:51,0
LF:5
LH:0
BRF:0
BRH:0
end_of_record
TN:
SF:C:\Users\bh\realise\formbuilder-microservice-1\client\src\i18n\index.js
FNF:0
FNH:0
LF:0
LH:0
BRF:0
BRH:0
end_of_record
TN:
SF:C:\Users\bh\realise\formbuilder-microservice-1\client\src\i18n\en-us\index.js
FNF:0
FNH:0
LF:0
LH:0
BRF:0
BRH:0
end_of_record
TN:
SF:C:\Users\bh\realise\formbuilder-microservice-1\client\src\layouts\ConfigurationLayout.vue
FN:23,data
FNF:1
FNH:0
FNDA:0,data
DA:17,0
DA:24,0
LF:2
LH:0
BRF:0
BRH:0
end_of_record
TN:
SF:C:\Users\bh\realise\formbuilder-microservice-1\client\src\layouts\DefaultLayout.vue
FN:21,data
FNF:1
FNH:0
FNDA:0,data
DA:15,0
DA:22,0
LF:2
LH:0
BRF:0
BRH:0
end_of_record
TN:
SF:C:\Users\bh\realise\formbuilder-microservice-1\client\src\pages\configuration\LogTemplate.vue
FNF:0
FNH:0
DA:12,0
DA:13,0
LF:2
LH:0
BRF:0
BRH:0
end_of_record
TN:
SF:C:\Users\bh\realise\formbuilder-microservice-1\client\src\router\index.js
FN:13,(anonymous_0)
FN:15,(anonymous_1)
FNF:2
FNH:0
FNDA:0,(anonymous_0)
FNDA:0,(anonymous_1)
DA:6,0
DA:14,0
DA:15,0
DA:25,0
LF:4
LH:0
BRF:0
BRH:0
end_of_record
TN:
SF:C:\Users\bh\realise\formbuilder-microservice-1\client\src\router\routes.js
FN:5,(anonymous_0)
FN:7,(anonymous_1)
FN:8,(anonymous_2)
FN:13,(anonymous_3)
FN:15,(anonymous_4)
FN:16,(anonymous_5)
FN:17,(anonymous_6)
FN:18,(anonymous_7)
FN:27,(anonymous_8)
FNF:9
FNH:0
FNDA:0,(anonymous_0)
FNDA:0,(anonymous_1)
FNDA:0,(anonymous_2)
FNDA:0,(anonymous_3)
FNDA:0,(anonymous_4)
FNDA:0,(anonymous_5)
FNDA:0,(anonymous_6)
FNDA:0,(anonymous_7)
FNDA:0,(anonymous_8)
DA:2,0
DA:5,0
DA:7,0
DA:8,0
DA:13,0
DA:15,0
DA:16,0
DA:17,0
DA:18,0
DA:24,0
DA:25,0
DA:27,0
LF:12
LH:0
BRDA:24,0,0,0
BRDA:24,0,1,0
BRF:2
BRH:0
end_of_record
TN:
SF:C:\Users\bh\realise\formbuilder-microservice-1\client\src\store\index.js
FN:15,(anonymous_0)
FNF:1
FNH:0
FNDA:0,(anonymous_0)
DA:8,0
DA:16,0
DA:23,0
LF:3
LH:0
BRF:0
BRH:0
end_of_record
TN:
SF:C:\Users\bh\realise\formbuilder-microservice-1\client\src\store\layouts\actions.js
FN:14,(anonymous_0)
FN:21,(anonymous_1)
FN:56,(anonymous_2)
FN:61,(anonymous_3)
FN:66,(anonymous_4)
FN:71,fetchFormsFromDb
FN:83,updateRow
FN:88,(anonymous_7)
FN:104,postTemplate
FN:115,deleteRow
FN:125,generateRandomNumber
FN:131,getStateOfTableData
FNF:12
FNH:0
FNDA:0,(anonymous_0)
FNDA:0,(anonymous_1)
FNDA:0,(anonymous_2)
FNDA:0,(anonymous_3)
FNDA:0,(anonymous_4)
FNDA:0,fetchFormsFromDb
FNDA:0,updateRow
FNDA:0,(anonymous_7)
FNDA:0,postTemplate
FNDA:0,deleteRow
FNDA:0,generateRandomNumber
FNDA:0,getStateOfTableData
DA:6,0
DA:11,0
DA:14,0
DA:15,0
DA:17,0
DA:21,0
DA:22,0
DA:35,0
DA:36,0
DA:37,0
DA:39,0
DA:40,0
DA:41,0
DA:42,0
DA:44,0
DA:45,0
DA:46,0
DA:50,0
DA:52,0
DA:56,0
DA:57,0
DA:61,0
DA:62,0
DA:66,0
DA:67,0
DA:73,0
DA:74,0
DA:75,0
DA:77,0
DA:85,0
DA:88,0
DA:91,0
DA:92,0
DA:93,0
DA:95,0
DA:96,0
DA:97,0
DA:99,0
DA:105,0
DA:107,0
DA:108,0
DA:110,0
DA:116,0
DA:117,0
DA:118,0
DA:120,0
DA:126,0
DA:127,0
DA:132,0
DA:133,0
LF:50
LH:0
BRDA:40,0,0,0
BRDA:40,0,1,0
BRF:2
BRH:0
end_of_record
TN:
SF:C:\Users\bh\realise\formbuilder-microservice-1\client\src\store\layouts\getters.js
FN:2,(anonymous_0)
FN:7,(anonymous_1)
FN:12,(anonymous_2)
FNF:3
FNH:2
FNDA:1,(anonymous_0)
FNDA:1,(anonymous_1)
FNDA:0,(anonymous_2)
DA:2,1
DA:3,1
DA:7,1
DA:8,1
DA:12,1
DA:13,0
LF:6
LH:5
BRF:0
BRH:0
end_of_record
TN:
SF:C:\Users\bh\realise\formbuilder-microservice-1\client\src\store\layouts\index.js
FNF:0
FNH:0
LF:0
LH:0
BRF:0
BRH:0
end_of_record
TN:
SF:C:\Users\bh\realise\formbuilder-microservice-1\client\src\store\layouts\mutations.js
FN:2,(anonymous_0)
FN:7,(anonymous_1)
FN:12,(anonymous_2)
FN:31,(anonymous_3)
FN:44,(anonymous_4)
FN:46,(anonymous_5)
FN:57,(anonymous_6)
FN:58,(anonymous_7)
FN:65,(anonymous_8)
FN:75,(anonymous_9)
FN:80,(anonymous_10)
FNF:11
FNH:4
FNDA:0,(anonymous_0)
FNDA:1,(anonymous_1)
FNDA:0,(anonymous_2)
FNDA:1,(anonymous_3)
FNDA:0,(anonymous_4)
FNDA:0,(anonymous_5)
FNDA:1,(anonymous_6)
FNDA:2,(anonymous_7)
FNDA:0,(anonymous_8)
FNDA:0,(anonymous_9)
FNDA:0,(anonymous_10)
DA:2,1
DA:3,0
DA:7,1
DA:8,1
DA:12,1
DA:13,0
DA:16,0
DA:17,0
DA:19,0
DA:20,0
DA:21,0
DA:22,0
DA:24,0
DA:26,0
DA:27,0
DA:31,1
DA:33,1
DA:35,1
DA:36,1
DA:37,1
DA:38,1
DA:40,1
DA:44,1
DA:46,0
DA:49,0
DA:50,0
DA:51,0
DA:52,0
DA:57,1
DA:58,2
DA:59,1
DA:60,1
DA:65,1
DA:67,0
DA:68,0
DA:69,0
DA:75,1
DA:76,0
DA:80,1
DA:81,0
DA:82,0
DA:83,0
LF:42
LH:19
BRDA:49,0,0,0
BRDA:49,0,1,0
BRDA:59,1,0,1
BRDA:59,1,1,0
BRDA:68,2,0,0
BRDA:68,2,1,0
BRDA:82,3,0,0
BRDA:82,3,1,0
BRF:8
BRH:1
end_of_record
TN:
SF:C:\Users\bh\realise\formbuilder-microservice-1\client\src\store\layouts\state.js
FNF:0
FNH:0
LF:0
LH:0
BRF:0
BRH:0
end_of_record
